<?xml version="1.0" encoding="UTF-8"?>
<testsuite xmlns:xsi="http://www.w3.org/2001/XMLSchema-instance" xsi:noNamespaceSchemaLocation="https://maven.apache.org/surefire/maven-surefire-plugin/xsd/surefire-test-report-3.0.xsd" version="3.0" name="edu.unam.webbapp.consultorio.WebbappConsultorioApplicationTests" time="8.243" tests="1" errors="0" skipped="0" failures="0">
  <properties>
[...]
</properties>
  <testcase name="contextLoads" classname="edu.unam.webbapp.consultorio.WebbappConsultorioApplicationTests" time="0.413">
    <system-out><![CDATA[16:24:04.931 [main] INFO org.springframework.test.context.support.AnnotationConfigContextLoaderUtils -- Could not detect default configuration classes for test class [edu.unam.webbapp.consultorio.WebbappConsultorioApplicationTests]: WebbappConsultorioApplicationTests does not declare any static, non-private, non-final, nested classes annotated with @Configuration.
16:24:05.232 [main] INFO org.springframework.boot.test.context.SpringBootTestContextBootstrapper -- Found @SpringBootConfiguration edu.unam.webbapp.consultorio.WebbappConsultorioApplication for test class edu.unam.webbapp.consultorio.WebbappConsultorioApplicationTests
     _______. _______ .______     ____    ____  __   _______   ______   .______
    /       ||   ____||   _  \    \   \  /   / |  | |       \ /  __  \  |   _  \
   |   (----`|  |__   |  |_)  |    \   \/   /  |  | |  .--.  |  |  |  | |  |_)  |
    \   \    |   __|  |      /      \      /   |  | |  |  |  |  |  |  | |      /
.----)   |   |  |____ |  |\  \----.  \    /    |  | |  '--'  |  `--'  | |  |\  \----.
|_______/    |_______|| _| `._____|   \__/     |__| |_______/ \______/  | _| `._____|
2024-01-02T16:24:06.064-03:00  INFO 14564 --- [           main] u.w.c.WebbappConsultorioApplicationTests : Starting WebbappConsultorioApplicationTests using Java 17.0.9 with PID 14564 (started by MSI in E:\sandbox\springSandbox\webapp-consultorio)
2024-01-02T16:24:06.066-03:00  INFO 14564 --- [           main] u.w.c.WebbappConsultorioApplicationTests : No active profile set, falling back to 1 default profile: "default"
2024-01-02T16:24:07.290-03:00  INFO 14564 --- [           main] .s.d.r.c.RepositoryConfigurationDelegate : Bootstrapping Spring Data JPA repositories in DEFAULT mode.
2024-01-02T16:24:07.459-03:00  INFO 14564 --- [           main] .s.d.r.c.RepositoryConfigurationDelegate : Finished Spring Data repository scanning in 144 ms. Found 7 JPA repository interfaces.
2024-01-02T16:24:08.294-03:00  INFO 14564 --- [           main] o.hibernate.jpa.internal.util.LogHelper  : HHH000204: Processing PersistenceUnitInfo [name: default]
2024-01-02T16:24:08.382-03:00  INFO 14564 --- [           main] org.hibernate.Version                    : HHH000412: Hibernate ORM core version 6.2.13.Final
2024-01-02T16:24:08.385-03:00  INFO 14564 --- [           main] org.hibernate.cfg.Environment            : HHH000406: Using bytecode reflection optimizer
2024-01-02T16:24:08.886-03:00  INFO 14564 --- [           main] o.s.o.j.p.SpringPersistenceUnitInfo      : No LoadTimeWeaver setup: ignoring JPA class transformer
2024-01-02T16:24:08.913-03:00  INFO 14564 --- [           main] com.zaxxer.hikari.HikariDataSource       : HikariPool-1 - Starting...
2024-01-02T16:24:09.210-03:00  INFO 14564 --- [           main] com.zaxxer.hikari.pool.HikariPool        : HikariPool-1 - Added connection conn0: url=jdbc:h2:mem:info user=ADMIN
2024-01-02T16:24:09.212-03:00  INFO 14564 --- [           main] com.zaxxer.hikari.HikariDataSource       : HikariPool-1 - Start completed.
2024-01-02T16:24:09.242-03:00  WARN 14564 --- [           main] org.hibernate.orm.deprecation            : HHH90000025: H2Dialect does not need to be specified explicitly using 'hibernate.dialect' (remove the property setting and it will be selected by default)
2024-01-02T16:24:10.457-03:00  INFO 14564 --- [           main] o.h.e.t.j.p.i.JtaPlatformInitiator       : HHH000489: No JTA platform available (set 'hibernate.transaction.jta.platform' to enable JTA platform integration)
2024-01-02T16:24:10.481-03:00 DEBUG 14564 --- [           main] org.hibernate.SQL                        : create table derivacion (derivacion_id integer generated by default as identity, apellido_dest varchar(255), clinica_dest varchar(255), descripcion varchar(255), direc_clinica_dest varchar(255), dni_dest integer, eliminado boolean, nombre_dest varchar(255), tel_clinica_dest varchar(255), tipo_doc_dest varchar(255) check (tipo_doc_dest in ('DNI','LC','LE','PASAPORTE')), paciente_dni integer, psicologo_emisor_dni integer, primary key (derivacion_id))
2024-01-02T16:24:10.493-03:00 DEBUG 14564 --- [           main] org.hibernate.SQL                        : create table historia_clinica (historia_id integer generated by default as identity, cant_sesiones integer, primary key (historia_id))
2024-01-02T16:24:10.494-03:00 DEBUG 14564 --- [           main] org.hibernate.SQL                        : create table informe_sesion (id_informe integer generated by default as identity, analisis varchar(255), conclusion varchar(255), eliminado boolean, fecha_informe date, hora_informe time(6), notas varchar(255), tareas varchar(255), historia_id integer, sesion_id integer, primary key (id_informe))
2024-01-02T16:24:10.495-03:00 DEBUG 14564 --- [           main] org.hibernate.SQL                        : create table paciente (dni integer not null check (dni>=9), apellido varchar(20), direccion varchar(150), eliminado boolean, fecha_de_nacimiento date not null, nombre varchar(20), sexo varchar(255) not null check (sexo in ('MASCULINO','FEMENINO','OTROS')), telefono varchar(100), tipo_doc varchar(255) not null check (tipo_doc in ('DNI','LC','LE','PASAPORTE')), estado_civil varchar(255) not null check (estado_civil in ('CASADO','SOLTERO','VIUDO','DIVORCIADO')), ocupacion varchar(255), psicologo_dni integer not null, primary key (dni))
2024-01-02T16:24:10.497-03:00 DEBUG 14564 --- [           main] org.hibernate.SQL                        : create table psicologo (dni integer not null check (dni>=9), apellido varchar(20), direccion varchar(150), eliminado boolean, fecha_de_nacimiento date not null, nombre varchar(20), sexo varchar(255) not null check (sexo in ('MASCULINO','FEMENINO','OTROS')), telefono varchar(100), tipo_doc varchar(255) not null check (tipo_doc in ('DNI','LC','LE','PASAPORTE')), especialidad varchar(255) check (especialidad in ('PSICOANALISIS','PSICOTERAPIA')), primary key (dni))
2024-01-02T16:24:10.499-03:00 DEBUG 14564 --- [           main] org.hibernate.SQL                        : create table secretario (dni integer not null check (dni>=9), apellido varchar(20), direccion varchar(150), eliminado boolean, fecha_de_nacimiento date not null, nombre varchar(20), sexo varchar(255) not null check (sexo in ('MASCULINO','FEMENINO','OTROS')), telefono varchar(100), tipo_doc varchar(255) not null check (tipo_doc in ('DNI','LC','LE','PASAPORTE')), primary key (dni))
2024-01-02T16:24:10.500-03:00 DEBUG 14564 --- [           main] org.hibernate.SQL                        : create table sesion (nro_sesion integer not null, eliminado boolean, estado varchar(255) not null check (estado in ('REALIZADA','PENDIENTE','CANCELADA')), fecha date not null, hora time(6) not null, paciente_dni integer not null, psicologo_dni integer, primary key (nro_sesion))
2024-01-02T16:24:10.502-03:00 DEBUG 14564 --- [           main] org.hibernate.SQL                        : create table tbl_informe_historia (historia_id integer not null, informe_id integer not null)
2024-01-02T16:24:10.502-03:00 DEBUG 14564 --- [           main] org.hibernate.SQL                        : create table tbl_paciente_psicologo (psicologo_id integer not null, paciente_id integer not null, primary key (psicologo_id, paciente_id))
2024-01-02T16:24:10.504-03:00 DEBUG 14564 --- [           main] org.hibernate.SQL                        : create table tbl_paciente_sesion (paciente_id integer not null, sesion_id integer not null, primary key (paciente_id, sesion_id))
2024-01-02T16:24:10.505-03:00 DEBUG 14564 --- [           main] org.hibernate.SQL                        : create table tbl_psicologo_derivaciones (psicologo_id integer not null, derivacion_id integer not null)
2024-01-02T16:24:10.505-03:00 DEBUG 14564 --- [           main] org.hibernate.SQL                        : create table tbl_psicologo_sesion (psicologo_id integer not null, sesion_id integer not null, primary key (psicologo_id, sesion_id))
2024-01-02T16:24:10.507-03:00 DEBUG 14564 --- [           main] org.hibernate.SQL                        : alter table if exists derivacion drop constraint if exists UK_qgg7wsdegtkkm7eib078cyuyf
2024-01-02T16:24:10.508-03:00 DEBUG 14564 --- [           main] org.hibernate.SQL                        : alter table if exists derivacion add constraint UK_qgg7wsdegtkkm7eib078cyuyf unique (paciente_dni)
2024-01-02T16:24:10.509-03:00 DEBUG 14564 --- [           main] org.hibernate.SQL                        : alter table if exists informe_sesion drop constraint if exists UK_fq981jel8133mjd1m79hm0vju
2024-01-02T16:24:10.509-03:00 DEBUG 14564 --- [           main] org.hibernate.SQL                        : alter table if exists informe_sesion add constraint UK_fq981jel8133mjd1m79hm0vju unique (sesion_id)
2024-01-02T16:24:10.509-03:00 DEBUG 14564 --- [           main] org.hibernate.SQL                        : alter table if exists tbl_informe_historia drop constraint if exists UKrx1evab5aum7kf0714n1ah87a
2024-01-02T16:24:10.510-03:00 DEBUG 14564 --- [           main] org.hibernate.SQL                        : alter table if exists tbl_informe_historia add constraint UKrx1evab5aum7kf0714n1ah87a unique (historia_id, informe_id)
2024-01-02T16:24:10.510-03:00 DEBUG 14564 --- [           main] org.hibernate.SQL                        : alter table if exists tbl_informe_historia drop constraint if exists UK_tebd05y89mxyujgh2xt8h5wie
2024-01-02T16:24:10.510-03:00 DEBUG 14564 --- [           main] org.hibernate.SQL                        : alter table if exists tbl_informe_historia add constraint UK_tebd05y89mxyujgh2xt8h5wie unique (informe_id)
2024-01-02T16:24:10.511-03:00 DEBUG 14564 --- [           main] org.hibernate.SQL                        : alter table if exists tbl_paciente_psicologo drop constraint if exists UK_83d8dr1ic3tn74d0mk9chcshg
2024-01-02T16:24:10.511-03:00 DEBUG 14564 --- [           main] org.hibernate.SQL                        : alter table if exists tbl_paciente_psicologo add constraint UK_83d8dr1ic3tn74d0mk9chcshg unique (paciente_id)
2024-01-02T16:24:10.511-03:00 DEBUG 14564 --- [           main] org.hibernate.SQL                        : alter table if exists tbl_paciente_sesion drop constraint if exists UK_o31y99al1krx86urmgyipfuy2
2024-01-02T16:24:10.512-03:00 DEBUG 14564 --- [           main] org.hibernate.SQL                        : alter table if exists tbl_paciente_sesion add constraint UK_o31y99al1krx86urmgyipfuy2 unique (sesion_id)
2024-01-02T16:24:10.512-03:00 DEBUG 14564 --- [           main] org.hibernate.SQL                        : alter table if exists tbl_psicologo_derivaciones drop constraint if exists UKen8t1d1a6fhpmdj86makfle3u
2024-01-02T16:24:10.512-03:00 DEBUG 14564 --- [           main] org.hibernate.SQL                        : alter table if exists tbl_psicologo_derivaciones add constraint UKen8t1d1a6fhpmdj86makfle3u unique (psicologo_id, derivacion_id)
2024-01-02T16:24:10.513-03:00 DEBUG 14564 --- [           main] org.hibernate.SQL                        : alter table if exists tbl_psicologo_derivaciones drop constraint if exists UK_t9dpydf1oukcb22i3yfxhrvce
2024-01-02T16:24:10.513-03:00 DEBUG 14564 --- [           main] org.hibernate.SQL                        : alter table if exists tbl_psicologo_derivaciones add constraint UK_t9dpydf1oukcb22i3yfxhrvce unique (derivacion_id)
2024-01-02T16:24:10.514-03:00 DEBUG 14564 --- [           main] org.hibernate.SQL                        : alter table if exists tbl_psicologo_sesion drop constraint if exists UK_3bnxr1dwdsowym4lhicery5ty
2024-01-02T16:24:10.514-03:00 DEBUG 14564 --- [           main] org.hibernate.SQL                        : alter table if exists tbl_psicologo_sesion add constraint UK_3bnxr1dwdsowym4lhicery5ty unique (sesion_id)
2024-01-02T16:24:10.517-03:00 DEBUG 14564 --- [           main] org.hibernate.SQL                        : create sequence sesion_seq start with 1 increment by 50
2024-01-02T16:24:10.518-03:00 DEBUG 14564 --- [           main] org.hibernate.SQL                        : alter table if exists derivacion add constraint FK9v0ie6x08qaohxld4fooislro foreign key (paciente_dni) references paciente
2024-01-02T16:24:10.521-03:00 DEBUG 14564 --- [           main] org.hibernate.SQL                        : alter table if exists derivacion add constraint FK5c4dpgxh6ltc4e1uantq5qpk6 foreign key (psicologo_emisor_dni) references psicologo
2024-01-02T16:24:10.523-03:00 DEBUG 14564 --- [           main] org.hibernate.SQL                        : alter table if exists informe_sesion add constraint FK999n05nowog8tjneis2gvgfk2 foreign key (historia_id) references historia_clinica
2024-01-02T16:24:10.524-03:00 DEBUG 14564 --- [           main] org.hibernate.SQL                        : alter table if exists informe_sesion add constraint FK6lsbc7l9xlxwljjdkhdk2i6x8 foreign key (sesion_id) references sesion
2024-01-02T16:24:10.525-03:00 DEBUG 14564 --- [           main] org.hibernate.SQL                        : alter table if exists paciente add constraint FK75fqrmmtd4c482xdcl8x0ukwr foreign key (psicologo_dni) references psicologo
2024-01-02T16:24:10.526-03:00 DEBUG 14564 --- [           main] org.hibernate.SQL                        : alter table if exists sesion add constraint FK7s36jcdpvybqaiklk49alh9uy foreign key (paciente_dni) references paciente
2024-01-02T16:24:10.527-03:00 DEBUG 14564 --- [           main] org.hibernate.SQL                        : alter table if exists sesion add constraint FKq2y284ecl004smsywy4rwvfse foreign key (psicologo_dni) references psicologo
2024-01-02T16:24:10.528-03:00 DEBUG 14564 --- [           main] org.hibernate.SQL                        : alter table if exists tbl_informe_historia add constraint FKmgu28yti9kyck5bx37q8rnxwd foreign key (informe_id) references informe_sesion
2024-01-02T16:24:10.529-03:00 DEBUG 14564 --- [           main] org.hibernate.SQL                        : alter table if exists tbl_informe_historia add constraint FKipdo3h6wy66yxsoh5nyuo9b0c foreign key (historia_id) references historia_clinica
2024-01-02T16:24:10.531-03:00 DEBUG 14564 --- [           main] org.hibernate.SQL                        : alter table if exists tbl_paciente_psicologo add constraint FKqgcl3bmqpg75vptypatwli5g3 foreign key (paciente_id) references paciente
2024-01-02T16:24:10.532-03:00 DEBUG 14564 --- [           main] org.hibernate.SQL                        : alter table if exists tbl_paciente_psicologo add constraint FKlslxeycuxkukeyn0wtf0cedmo foreign key (psicologo_id) references psicologo
2024-01-02T16:24:10.533-03:00 DEBUG 14564 --- [           main] org.hibernate.SQL                        : alter table if exists tbl_paciente_sesion add constraint FKi9rn2rqh11mgkao18tgnviy7x foreign key (sesion_id) references sesion
2024-01-02T16:24:10.534-03:00 DEBUG 14564 --- [           main] org.hibernate.SQL                        : alter table if exists tbl_paciente_sesion add constraint FKt9tq45yo5cvkxlhcne5agcyqj foreign key (paciente_id) references paciente
2024-01-02T16:24:10.535-03:00 DEBUG 14564 --- [           main] org.hibernate.SQL                        : alter table if exists tbl_psicologo_derivaciones add constraint FKflfec3pnupff8wjfajoudwqhh foreign key (derivacion_id) references derivacion
2024-01-02T16:24:10.537-03:00 DEBUG 14564 --- [           main] org.hibernate.SQL                        : alter table if exists tbl_psicologo_derivaciones add constraint FKbo1ensriuxdnyg99h2h8q3ccw foreign key (psicologo_id) references psicologo
2024-01-02T16:24:10.538-03:00 DEBUG 14564 --- [           main] org.hibernate.SQL                        : alter table if exists tbl_psicologo_sesion add constraint FKk2t44nstgbcupv49lkkv9q841 foreign key (sesion_id) references sesion
2024-01-02T16:24:10.539-03:00 DEBUG 14564 --- [           main] org.hibernate.SQL                        : alter table if exists tbl_psicologo_sesion add constraint FK63w071k485n3nwc1qkikbj81c foreign key (psicologo_id) references psicologo
2024-01-02T16:24:10.542-03:00  INFO 14564 --- [           main] j.LocalContainerEntityManagerFactoryBean : Initialized JPA EntityManagerFactory for persistence unit 'default'
2024-01-02T16:24:11.322-03:00 DEBUG 14564 --- [           main] org.hibernate.SQL                        : select s1_0.nro_sesion,s1_0.eliminado,s1_0.estado,s1_0.fecha,s1_0.hora,s1_0.paciente_dni,s1_0.psicologo_dni from sesion s1_0 where s1_0.fecha<?
2024-01-02T16:24:11.571-03:00  WARN 14564 --- [           main] JpaBaseConfiguration$JpaWebConfiguration : spring.jpa.open-in-view is enabled by default. Therefore, database queries may be performed during view rendering. Explicitly configure spring.jpa.open-in-view to disable this warning
2024-01-02T16:24:12.106-03:00  INFO 14564 --- [           main] o.s.b.a.h2.H2ConsoleAutoConfiguration    : H2 console available at '/h2'. Database available at 'jdbc:h2:mem:info'
2024-01-02T16:24:12.268-03:00  INFO 14564 --- [           main] u.w.c.WebbappConsultorioApplicationTests : Started WebbappConsultorioApplicationTests in 6.694 seconds (process running for 9.175)
]]></system-out>
  </testcase>
</testsuite>